2023-07-09 15:54:53,060 [Worker-4] INFO  o.e.m.c.i.p.ProjectConfigurationManager - Update started
2023-07-09 15:54:56,660 [Worker-4] INFO  o.e.m.c.i.l.LifecycleMappingFactory - Using org.eclipse.m2e.jdt.JarLifecycleMapping lifecycle mapping for MavenProject: com.ts:Construction:0.0.1-SNAPSHOT @ C:\Users\sreer\OneDrive\Desktop\git demo\constructify_demo\ConstructionSpringboot\pom.xml.
2023-07-09 15:55:03,296 [Worker-4] INFO  o.e.m.j.i.AbstractJavaProjectConfigurator - Adding source folder /ConstructionSpringboot/src/main/java
2023-07-09 15:55:03,297 [Worker-4] INFO  o.e.m.j.i.AbstractJavaProjectConfigurator - Adding resource folder /ConstructionSpringboot/src/main/resources
2023-07-09 15:55:03,310 [Worker-4] INFO  o.e.m.j.i.AbstractJavaProjectConfigurator - Adding resource folder /ConstructionSpringboot/src/main/resources
2023-07-09 15:55:03,325 [Worker-4] INFO  o.e.m.j.i.AbstractJavaProjectConfigurator - Adding source folder /ConstructionSpringboot/src/test/java
2023-07-09 15:55:04,229 [Worker-3] INFO  o.e.m.c.i.embedder.EclipseLogger - Using 'UTF-8' encoding to copy filtered resources.
2023-07-09 15:55:04,229 [Worker-3] INFO  o.e.m.c.i.embedder.EclipseLogger - Using 'UTF-8' encoding to copy filtered properties files.
2023-07-09 15:55:04,235 [Worker-3] INFO  o.e.m.c.i.embedder.EclipseLogger - Copying 1 resource
2023-07-09 15:55:04,259 [Worker-3] INFO  o.e.m.c.i.embedder.EclipseLogger - Copying 0 resource
2023-07-09 15:55:04,263 [Worker-3] INFO  o.e.m.c.i.embedder.EclipseLogger - Using 'UTF-8' encoding to copy filtered resources.
2023-07-09 15:55:04,263 [Worker-3] INFO  o.e.m.c.i.embedder.EclipseLogger - Using 'UTF-8' encoding to copy filtered properties files.
2023-07-09 15:55:04,264 [Worker-3] INFO  o.e.m.c.i.embedder.EclipseLogger - skip non existing resourceDirectory C:\Users\sreer\OneDrive\Desktop\git demo\constructify_demo\ConstructionSpringboot\src\test\resources
2023-07-09 15:55:07,372 [Worker-4] INFO  o.e.m.c.i.p.ProjectConfigurationManager - Update completed: 14 sec
2023-07-09 15:55:07,739 [Worker-5] INFO  o.e.m.c.i.embedder.EclipseLogger - Using 'UTF-8' encoding to copy filtered resources.
2023-07-09 15:55:07,739 [Worker-5] INFO  o.e.m.c.i.embedder.EclipseLogger - Using 'UTF-8' encoding to copy filtered properties files.
2023-07-09 15:55:07,743 [Worker-5] INFO  o.e.m.c.i.embedder.EclipseLogger - Copying 1 resource
2023-07-09 15:55:07,745 [Worker-5] INFO  o.e.m.c.i.embedder.EclipseLogger - Copying 0 resource
2023-07-09 15:55:07,747 [Worker-5] INFO  o.e.m.c.i.embedder.EclipseLogger - Using 'UTF-8' encoding to copy filtered resources.
2023-07-09 15:55:07,747 [Worker-5] INFO  o.e.m.c.i.embedder.EclipseLogger - Using 'UTF-8' encoding to copy filtered properties files.
2023-07-09 15:55:07,747 [Worker-5] INFO  o.e.m.c.i.embedder.EclipseLogger - skip non existing resourceDirectory C:\Users\sreer\OneDrive\Desktop\git demo\constructify_demo\ConstructionSpringboot\src\test\resources
2023-07-09 15:56:56,670 [Worker-0] INFO  o.e.m.c.i.embedder.EclipseLogger - Using 'UTF-8' encoding to copy filtered resources.
2023-07-09 15:56:56,671 [Worker-0] INFO  o.e.m.c.i.embedder.EclipseLogger - Using 'UTF-8' encoding to copy filtered properties files.
2023-07-09 15:56:56,672 [Worker-0] INFO  o.e.m.c.i.embedder.EclipseLogger - Copying 1 resource
2023-07-09 15:56:56,689 [Worker-0] INFO  o.e.m.c.i.embedder.EclipseLogger - Copying 0 resource
2023-07-09 15:56:56,692 [Worker-0] INFO  o.e.m.c.i.embedder.EclipseLogger - Using 'UTF-8' encoding to copy filtered resources.
2023-07-09 15:56:56,692 [Worker-0] INFO  o.e.m.c.i.embedder.EclipseLogger - Using 'UTF-8' encoding to copy filtered properties files.
2023-07-09 15:56:56,692 [Worker-0] INFO  o.e.m.c.i.embedder.EclipseLogger - skip non existing resourceDirectory C:\Users\sreer\OneDrive\Desktop\git demo\constructify_demo\ConstructionSpringboot\src\test\resources
